--- Copying files at Sun Mar 19 14:33:27 UTC 2017
/usr/share/jenkins/ref/init.groovy.d/tcp-slave-agent-port.groovy
 /usr/share/jenkins/ref/init.groovy.d/tcp-slave-agent-port.groovy -> init.groovy.d/tcp-slave-agent-port.groovy
copy init.groovy.d/tcp-slave-agent-port.groovy to JENKINS_HOME
--- Copying files at Sun Mar 19 16:05:24 UTC 2017
/usr/share/jenkins/ref/init.groovy.d/tcp-slave-agent-port.groovy
 /usr/share/jenkins/ref/init.groovy.d/tcp-slave-agent-port.groovy -> init.groovy.d/tcp-slave-agent-port.groovy
--- Copying files at Sun Mar 19 16:11:16 UTC 2017
/usr/share/jenkins/ref/init.groovy.d/tcp-slave-agent-port.groovy
 /usr/share/jenkins/ref/init.groovy.d/tcp-slave-agent-port.groovy -> init.groovy.d/tcp-slave-agent-port.groovy
--- Copying files at Sun Mar 19 17:37:08 UTC 2017
/usr/share/jenkins/ref/init.groovy.d/tcp-slave-agent-port.groovy
 /usr/share/jenkins/ref/init.groovy.d/tcp-slave-agent-port.groovy -> init.groovy.d/tcp-slave-agent-port.groovy
--- Copying files at Sun Mar 19 17:39:20 UTC 2017
/usr/share/jenkins/ref/init.groovy.d/tcp-slave-agent-port.groovy
 /usr/share/jenkins/ref/init.groovy.d/tcp-slave-agent-port.groovy -> init.groovy.d/tcp-slave-agent-port.groovy
--- Copying files at Sun Mar 19 17:41:21 UTC 2017
/usr/share/jenkins/ref/init.groovy.d/tcp-slave-agent-port.groovy
 /usr/share/jenkins/ref/init.groovy.d/tcp-slave-agent-port.groovy -> init.groovy.d/tcp-slave-agent-port.groovy
--- Copying files at Sun Mar 19 17:53:18 UTC 2017
/usr/share/jenkins/ref/init.groovy.d/tcp-slave-agent-port.groovy
 /usr/share/jenkins/ref/init.groovy.d/tcp-slave-agent-port.groovy -> init.groovy.d/tcp-slave-agent-port.groovy
--- Copying files at Sun Mar 19 18:03:27 UTC 2017
/usr/share/jenkins/ref/init.groovy.d/tcp-slave-agent-port.groovy
 /usr/share/jenkins/ref/init.groovy.d/tcp-slave-agent-port.groovy -> init.groovy.d/tcp-slave-agent-port.groovy
--- Copying files at Sun Mar 19 20:28:06 UTC 2017
--- Copying files at Sun Mar 19 21:29:36 UTC 2017
--- Copying files at Sun Mar 19 21:35:27 UTC 2017
--- Copying files at Sun Mar 19 21:45:34 UTC 2017
--- Copying files at Sun Mar 19 21:57:39 UTC 2017
--- Copying files at Sun Mar 19 22:03:07 UTC 2017
--- Copying files at Sun Mar 19 22:12:34 UTC 2017
--- Copying files at Sun Mar 19 22:15:55 UTC 2017
--- Copying files at Sun Mar 19 22:17:23 UTC 2017
--- Copying files at Sun Mar 19 22:26:30 UTC 2017
--- Copying files at Sun Mar 19 22:31:44 UTC 2017
--- Copying files at Tue Mar 21 21:07:15 UTC 2017
--- Copying files at Wed Mar 22 00:35:45 UTC 2017
/usr/share/jenkins/ref/init.groovy.d/tcp-slave-agent-port.groovy
 /usr/share/jenkins/ref/init.groovy.d/tcp-slave-agent-port.groovy -> init.groovy.d/tcp-slave-agent-port.groovy
--- Copying files at Wed Mar 22 00:59:12 UTC 2017
/usr/share/jenkins/ref/init.groovy.d/tcp-slave-agent-port.groovy
 /usr/share/jenkins/ref/init.groovy.d/tcp-slave-agent-port.groovy -> init.groovy.d/tcp-slave-agent-port.groovy
