Started at Mon Mar 20 20:10:49 UTC 2017
possibly trimming /var/jenkins_home/fingerprints/01/b0/91825023c97fdfd6d2bceebe03ff.xml
possibly trimming /var/jenkins_home/fingerprints/07/b2/e61c4fc42660f2f6709d013a452b.xml
possibly trimming /var/jenkins_home/fingerprints/0b/e1/9e6ca16e9775f2520d0e7d368ad4.xml
possibly trimming /var/jenkins_home/fingerprints/10/61/2241a9cc269501a7a2b8a984b949.xml
possibly trimming /var/jenkins_home/fingerprints/11/0a/d2ea84f7031a1798648b6b318e79.xml
possibly trimming /var/jenkins_home/fingerprints/11/66/9ad419008ce24be4e475f27861b1.xml
possibly trimming /var/jenkins_home/fingerprints/12/68/fb57a8464b7cbbeabc7d63eb750a.xml
possibly trimming /var/jenkins_home/fingerprints/13/b7/53827a9132bd24f1a9a3b7d39e54.xml
possibly trimming /var/jenkins_home/fingerprints/16/5e/44fdbde8611489fbe8fe99e68ba6.xml
possibly trimming /var/jenkins_home/fingerprints/17/fa/a2dd4805d5d73968991464dccfaf.xml
possibly trimming /var/jenkins_home/fingerprints/18/50/7133d5fc96dee39186b6d44d148e.xml
possibly trimming /var/jenkins_home/fingerprints/19/6e/88a341f9a807cca0630e8da46398.xml
possibly trimming /var/jenkins_home/fingerprints/1c/7a/969eeb11e3dd854a6a5f417f5cf2.xml
possibly trimming /var/jenkins_home/fingerprints/22/6c/1afa3e0a7213400b0fd55d6f3b61.xml
possibly trimming /var/jenkins_home/fingerprints/22/bf/2441ffba6cf8136b05ea6168a9d5.xml
possibly trimming /var/jenkins_home/fingerprints/22/d8/7c3030bdf631930061f6e6711ec4.xml
possibly trimming /var/jenkins_home/fingerprints/24/e7/6394afe45ac45f17129ece53db88.xml
possibly trimming /var/jenkins_home/fingerprints/28/8e/6537849f0c63e76409b515c4fbe4.xml
possibly trimming /var/jenkins_home/fingerprints/2a/9d/6f5a4ece96557bc4300ecc4486fb.xml
possibly trimming /var/jenkins_home/fingerprints/2d/fe/e184286530e726ad155816e15b4c.xml
possibly trimming /var/jenkins_home/fingerprints/30/4a/51bce49f52a26bb79f3fd0b58325.xml
possibly trimming /var/jenkins_home/fingerprints/32/cc/b1d20a42b5aaaceb90c9082a2efa.xml
possibly trimming /var/jenkins_home/fingerprints/35/6c/52f40933ba9cc1359fbf8ede8d30.xml
possibly trimming /var/jenkins_home/fingerprints/37/6b/1dce8f8530301ef1834d773138fc.xml
possibly trimming /var/jenkins_home/fingerprints/3d/ba/2305f842c2891df0a0926e18bcfa.xml
possibly trimming /var/jenkins_home/fingerprints/3f/d4/f26581a703c6a8a698356d14216a.xml
possibly trimming /var/jenkins_home/fingerprints/40/2d/f8488246d4c6adc8e2d192c7bad7.xml
possibly trimming /var/jenkins_home/fingerprints/43/bf/c49bdc7324f6daaa60c1ee9f3972.xml
possibly trimming /var/jenkins_home/fingerprints/4b/b6/6a982f387e617e0e406f3b6de2cf.xml
possibly trimming /var/jenkins_home/fingerprints/4c/25/7f52462860b62ab3cdab45f53082.xml
possibly trimming /var/jenkins_home/fingerprints/4c/82/c537eb0ba92adad494283711cc11.xml
possibly trimming /var/jenkins_home/fingerprints/4d/8f/51d3fe3900efc6e395be48030d6d.xml
possibly trimming /var/jenkins_home/fingerprints/4d/e9/308611ce100cb14c1ac694b060c8.xml
possibly trimming /var/jenkins_home/fingerprints/52/cc/06bd15aeb716d7d493b642b8b0e9.xml
possibly trimming /var/jenkins_home/fingerprints/54/0c/4f2374a74674f00e2f2691bb2cce.xml
possibly trimming /var/jenkins_home/fingerprints/5b/38/c40c97fbd0adee29f91e60405584.xml
possibly trimming /var/jenkins_home/fingerprints/5d/8b/0cc1089c3dc08214f86a873d895b.xml
possibly trimming /var/jenkins_home/fingerprints/63/93/363b47ddcbba82321110c3e07519.xml
possibly trimming /var/jenkins_home/fingerprints/68/f9/e37583e76184dbe9e57885459649.xml
possibly trimming /var/jenkins_home/fingerprints/6f/29/69f0eb541a6f4ecfa15faa8155d7.xml
possibly trimming /var/jenkins_home/fingerprints/6f/96/b1c28138d5883238df5425e8b404.xml
possibly trimming /var/jenkins_home/fingerprints/77/d0/c298bf68f20f77e961fcf29953d0.xml
possibly trimming /var/jenkins_home/fingerprints/79/c7/e438dd1449c6398fc1745b5e8578.xml
possibly trimming /var/jenkins_home/fingerprints/80/64/835579ddb2c86ae26b447b0c5f76.xml
possibly trimming /var/jenkins_home/fingerprints/85/98/6d1c6a2a58901ab1ca64ff4d8a50.xml
possibly trimming /var/jenkins_home/fingerprints/87/d9/6c5d5656f9744bebed5548d31344.xml
possibly trimming /var/jenkins_home/fingerprints/8c/47/6fdffb8044ce5c9b7255566683b6.xml
possibly trimming /var/jenkins_home/fingerprints/8f/13/c04772e364c3ca0a1d9d979cc701.xml
possibly trimming /var/jenkins_home/fingerprints/97/5e/f57d97a9a7f74ff23c4c653940fb.xml
possibly trimming /var/jenkins_home/fingerprints/98/ec/1b51b19c21a32845ba3498df6629.xml
possibly trimming /var/jenkins_home/fingerprints/9b/be/797d09f32d20fb5fb1c6c4a06d72.xml
possibly trimming /var/jenkins_home/fingerprints/9b/cc/bc680238d9352156891cf53b96b4.xml
possibly trimming /var/jenkins_home/fingerprints/9c/a3/18cf99de788539ff7e66921b125e.xml
possibly trimming /var/jenkins_home/fingerprints/a0/21/9ec6183ec52f79aa24cb341b822f.xml
possibly trimming /var/jenkins_home/fingerprints/a2/82/c38792c7a4e35de46496fddee640.xml
possibly trimming /var/jenkins_home/fingerprints/a6/29/be6b514eedb5e9c34be7a887f2e2.xml
possibly trimming /var/jenkins_home/fingerprints/a7/6f/6c70f99b5d9c6cd14180df0b6df1.xml
possibly trimming /var/jenkins_home/fingerprints/a7/e9/5d2915820f069a220b66ba65232f.xml
possibly trimming /var/jenkins_home/fingerprints/ab/62/1c3cee316236ad04a6f0fe4dd17c.xml
possibly trimming /var/jenkins_home/fingerprints/ac/8f/1cd2a7a0c918bbf95d2f6091ee45.xml
possibly trimming /var/jenkins_home/fingerprints/ae/b4/293e3844a54480de5e741e8e5966.xml
possibly trimming /var/jenkins_home/fingerprints/b1/07/9a44277b381c3a5920272d230964.xml
possibly trimming /var/jenkins_home/fingerprints/b7/5c/da0d7dadff9e6c20f4e7f3c3bc82.xml
possibly trimming /var/jenkins_home/fingerprints/b7/fb/e7a5ec0b0d8b2bf88410db3c5518.xml
possibly trimming /var/jenkins_home/fingerprints/bc/11/af4b8ce7138cdc79b7ba8561638c.xml
possibly trimming /var/jenkins_home/fingerprints/bd/68/5c02dd805104726721411207e885.xml
possibly trimming /var/jenkins_home/fingerprints/bf/e2/809bd044dc97cfca5db00e8ab1e4.xml
possibly trimming /var/jenkins_home/fingerprints/c1/96/7f0a515c4b8155f62478ec823464.xml
possibly trimming /var/jenkins_home/fingerprints/c4/f9/2652e13f3095fc95fcdcb5b514d7.xml
possibly trimming /var/jenkins_home/fingerprints/c7/f6/8cea0796caf11585998f3bbe858f.xml
possibly trimming /var/jenkins_home/fingerprints/cc/7a/8deacd26b0aa2668779ce2721c0f.xml
possibly trimming /var/jenkins_home/fingerprints/cc/c3/28dc040652b279971c7dea69f3ff.xml
possibly trimming /var/jenkins_home/fingerprints/cc/eb/ee99fb8cdd50e1967680a2eac0ba.xml
possibly trimming /var/jenkins_home/fingerprints/cf/3b/debf8212683c091080345664e9e1.xml
possibly trimming /var/jenkins_home/fingerprints/d1/86/38036e314cdd66f04e2d248b7df9.xml
possibly trimming /var/jenkins_home/fingerprints/db/af/0cf045f317f6c934cd34d23941e8.xml
possibly trimming /var/jenkins_home/fingerprints/dc/b7/77be70073b5f9fec511f0ae179cf.xml
possibly trimming /var/jenkins_home/fingerprints/df/59/608b208dcf10d4ab84dedc02a95e.xml
possibly trimming /var/jenkins_home/fingerprints/eb/a9/30165bf261dce8d11c2aa5e705c5.xml
possibly trimming /var/jenkins_home/fingerprints/f0/6a/69641eb36e2a6485338e2ad2848e.xml
possibly trimming /var/jenkins_home/fingerprints/f1/7e/66a7347da2f6043a57d1600ce426.xml
possibly trimming /var/jenkins_home/fingerprints/f7/b6/d7dc5a512b0178b4a83cf021356f.xml
possibly trimming /var/jenkins_home/fingerprints/f8/f1/352c52a4c6a500b597596501fc64.xml
possibly trimming /var/jenkins_home/fingerprints/fb/6e/31b050960abe2cdbcc7623fd21f5.xml
possibly trimming /var/jenkins_home/fingerprints/fe/a6/f5dd1fe9cc963af3b291c6e0ac43.xml
Cleaned up 0 records
Finished at Mon Mar 20 20:10:57 UTC 2017. 7478ms
